<?xml version="1.0" encoding="UTF-8"?>
<testsuite name="AirportTest" tests="6" skipped="0" failures="0" errors="0" timestamp="2019-06-18T15:50:01" hostname="MAKERSs-MacBook-Pro-10.local" time="0.494">
  <properties/>
  <testcase name="takeoff_removesPlaneFromPlanes" classname="AirportTest" time="0.458"/>
  <testcase name="land_addsPlaneToPlanes" classname="AirportTest" time="0.002"/>
  <testcase name="land_planeDoesNotLandIfAlreadyLanded" classname="AirportTest" time="0.002"/>
  <testcase name="land_callsIsFlyingOnPlane" classname="AirportTest" time="0.016"/>
  <testcase name="land_callsStopFlyingOnPlane" classname="AirportTest" time="0.006"/>
  <testcase name="land_exceptionWhenAirportIsFull" classname="AirportTest" time="0.007"/>
  <system-out><![CDATA[]]></system-out>
  <system-err><![CDATA[]]></system-err>
</testsuite>
