<?xml version="1.0" encoding="UTF-8"?>
<testsuite name="WeatherTest" tests="1" skipped="0" failures="0" errors="0" timestamp="2019-06-19T09:42:44" hostname="MAKERSs-MacBook-Pro-10.local" time="0.001">
  <properties/>
  <testcase name="isStormy_returnsTrueWithFixedSeed" classname="WeatherTest" time="0.001"/>
  <system-out><![CDATA[]]></system-out>
  <system-err><![CDATA[]]></system-err>
</testsuite>
