<?xml version="1.0" encoding="UTF-8"?>
<testsuite name="AirportTest" tests="5" skipped="0" failures="0" errors="0" timestamp="2019-06-18T14:45:42" hostname="MAKERSs-MacBook-Pro-10.local" time="0.549">
  <properties/>
  <testcase name="takeoff_removesPlaneFromPlanes" classname="AirportTest" time="0.533"/>
  <testcase name="land_addsPlaneToPlanes" classname="AirportTest" time="0.002"/>
  <testcase name="land_planeDoesNotLandIfAlreadyLanded" classname="AirportTest" time="0.003"/>
  <testcase name="land_callsIsFlyingOnPlane" classname="AirportTest" time="0.009"/>
  <testcase name="land_callsStopFlyingOnPlane" classname="AirportTest" time="0.002"/>
  <system-out><![CDATA[]]></system-out>
  <system-err><![CDATA[]]></system-err>
</testsuite>
